Biflow sanity summary

[mqtt_bruteforce]
raw_rows=16696
retained_rows=14544
excluded_benign_rows_inside_attack_files=2152
output_path=/home/ywx/ICICS2026/mqtt-unknown-rejection/data/processed/biflow/biflow_mqtt_bruteforce.parquet

[normal]
raw_rows=86008
retained_rows=86008
excluded_benign_rows_inside_attack_files=0
output_path=/home/ywx/ICICS2026/mqtt-unknown-rejection/data/processed/biflow/biflow_normal.parquet

[scan_A]
raw_rows=25693
retained_rows=19907
excluded_benign_rows_inside_attack_files=5786
output_path=/home/ywx/ICICS2026/mqtt-unknown-rejection/data/processed/biflow/biflow_scan_A.parquet

[scan_sU]
raw_rows=39664
retained_rows=22434
excluded_benign_rows_inside_attack_files=17230
output_path=/home/ywx/ICICS2026/mqtt-unknown-rejection/data/processed/biflow/biflow_scan_sU.parquet

[sparta]
raw_rows=91318
retained_rows=14116
excluded_benign_rows_inside_attack_files=77202
output_path=/home/ywx/ICICS2026/mqtt-unknown-rejection/data/processed/biflow/biflow_sparta.parquet

constant_biflow_features=bwd_num_urg_flags
