Packet windowing sanity summary

[mqtt_bruteforce]
raw_rows=10045306
invalid_timestamp_rows=0
non_broker_rows=34750
broker_ambiguity_rows=0
main_windows=865903
robustness_windows=0
main_rows_used=10010556
windows_with_no_mqtt=79
sparse_semantic_windows=337
boundary_out_of_order_windows=0

[normal]
raw_rows=1056230
invalid_timestamp_rows=0
non_broker_rows=98993
broker_ambiguity_rows=0
main_windows=79820
robustness_windows=0
main_rows_used=957233
windows_with_no_mqtt=29
sparse_semantic_windows=58
boundary_out_of_order_windows=0

[scan_A]
raw_rows=111392
invalid_timestamp_rows=0
non_broker_rows=47369
broker_ambiguity_rows=0
main_windows=0
robustness_windows=5340
main_rows_used=0
windows_with_no_mqtt=0
sparse_semantic_windows=0
boundary_out_of_order_windows=0

[scan_sU]
raw_rows=233255
invalid_timestamp_rows=0
non_broker_rows=42194
broker_ambiguity_rows=0
main_windows=0
robustness_windows=15930
main_rows_used=0
windows_with_no_mqtt=0
sparse_semantic_windows=0
boundary_out_of_order_windows=0

[sparta]
raw_rows=20676120
invalid_timestamp_rows=0
non_broker_rows=19817081
broker_ambiguity_rows=0
main_windows=0
robustness_windows=71626
main_rows_used=0
windows_with_no_mqtt=0
sparse_semantic_windows=0
boundary_out_of_order_windows=0
